d:\noanime\task_1\task_1\x64\debug\vc143.pdb
d:\noanime\task_1\task_1\x64\debug\vc143.idb
d:\noanime\task_1\task_1\x64\debug\translation.obj
d:\noanime\task_1\task_1\x64\debug\stack.obj
d:\noanime\task_1\task_1\x64\debug\queue.obj
d:\noanime\task_1\task_1\x64\debug\polishinversion.obj
d:\noanime\task_1\task_1\x64\debug\memory.obj
d:\noanime\task_1\task_1\x64\debug\main.obj
d:\noanime\task_1\task_1\x64\debug\lexer.obj
d:\noanime\task_1\task_1\x64\debug\fsm.obj
d:\noanime\task_1\task_1\x64\debug\deque.obj
d:\noanime\task_1\x64\debug\task_1.exe
d:\noanime\task_1\task_1\x64\debug\task_1.ilk
d:\noanime\task_1\x64\debug\task_1.pdb
k:\gitrepos\noanime\task_1\task_1\x64\debug\deque.obj
k:\gitrepos\noanime\task_1\task_1\x64\debug\fsm.obj
k:\gitrepos\noanime\task_1\task_1\x64\debug\lexer.obj
k:\gitrepos\noanime\task_1\task_1\x64\debug\main.obj
k:\gitrepos\noanime\task_1\task_1\x64\debug\memory.obj
k:\gitrepos\noanime\task_1\task_1\x64\debug\polishinversion.obj
k:\gitrepos\noanime\task_1\task_1\x64\debug\queue.obj
k:\gitrepos\noanime\task_1\task_1\x64\debug\stack.obj
k:\gitrepos\noanime\task_1\task_1\x64\debug\translation.obj
k:\gitrepos\noanime\task_1\task_1\x64\debug\task_1.ilk
k:\gitrepos\noanime\task_1\task_1\x64\debug\vc142.idb
k:\gitrepos\noanime\task_1\task_1\x64\debug\vc143.idb
k:\gitrepos\noanime\task_1\task_1\x64\debug\vc142.pdb
k:\gitrepos\noanime\task_1\task_1\x64\debug\vc143.pdb
k:\gitrepos\noanime\task_1\x64\debug\task_1.pdb
k:\gitrepos\noanime\task_1\x64\debug\task_1.exe
k:\gitrepos\noanime\task_1\task_1\x64\debug\task_1.tlog\cl.command.1.tlog
k:\gitrepos\noanime\task_1\task_1\x64\debug\task_1.tlog\cl.read.1.tlog
k:\gitrepos\noanime\task_1\task_1\x64\debug\task_1.tlog\cl.write.1.tlog
k:\gitrepos\noanime\task_1\task_1\x64\debug\task_1.tlog\link.command.1.tlog
k:\gitrepos\noanime\task_1\task_1\x64\debug\task_1.tlog\link.read.1.tlog
k:\gitrepos\noanime\task_1\task_1\x64\debug\task_1.tlog\link.write.1.tlog
